#
# There is insufficient memory for the Java Runtime Environment to continue.
# Native memory allocation (mmap) failed to map 65011712 bytes for G1 virtual space
# Possible reasons:
#   The system is out of physical RAM or swap space
#   The process is running with CompressedOops enabled, and the Java Heap may be blocking the growth of the native heap
# Possible solutions:
#   Reduce memory load on the system
#   Increase physical memory or swap space
#   Check if swap backing store is full
#   Decrease Java heap size (-Xmx/-Xms)
#   Decrease number of Java threads
#   Decrease Java thread stack sizes (-Xss)
#   Set larger code cache with -XX:ReservedCodeCacheSize=
#   JVM is running with Unscaled Compressed Oops mode in which the Java heap is
#     placed in the first 4GB address space. The Java Heap base address is the
#     maximum limit for the native heap growth. Please use -XX:HeapBaseMinAddress
#     to set the Java Heap base and to place the Java Heap above 4GB virtual address.
# This output file may be truncated or incomplete.
#
#  Out of Memory Error (os_windows.cpp:3530), pid=11600, tid=16700
#
# JRE version:  (18.0.1+10) (build )
# Java VM: Java HotSpot(TM) 64-Bit Server VM (18.0.1+10-24, mixed mode, sharing, tiered, compressed oops, compressed class ptrs, g1 gc, windows-amd64)
# No core dump will be written. Minidumps are not enabled by default on client versions of Windows
#

---------------  S U M M A R Y ------------

Command Line: -Dfile.encoding=UTF-8 -XX:+ShowCodeDetailsInExceptionMessages AccountDetails

Host: Intel(R) Core(TM) i3-6006U CPU @ 2.00GHz, 4 cores, 3G,  Windows 10 , 64 bit Build 19041 (10.0.19041.1645)
Time: Sat Oct  1 16:45:03 2022 India Standard Time elapsed time: 0.096949 seconds (0d 0h 0m 0s)

---------------  T H R E A D  ---------------

Current thread (0x000002d9d397d600):  JavaThread "Unknown thread" [_thread_in_vm, id=16700, stack(0x000000fcde400000,0x000000fcde500000)]

Stack: [0x000000fcde400000,0x000000fcde500000]
Native frames: (J=compiled Java code, j=interpreted, Vv=VM code, C=native code)
V  [jvm.dll+0x69887a]
V  [jvm.dll+0x7f38bd]
V  [jvm.dll+0x7f51ce]
V  [jvm.dll+0x7f5883]
V  [jvm.dll+0x25ca3f]
V  [jvm.dll+0x6957c9]
V  [jvm.dll+0x68a2fa]
V  [jvm.dll+0x321efb]
V  [jvm.dll+0x3298d6]
V  [jvm.dll+0x37e47e]
V  [jvm.dll+0x37e6af]
V  [jvm.dll+0x2f9c7a]
V  [jvm.dll+0x2facdd]
V  [jvm.dll+0x7c24f0]
V  [jvm.dll+0x38b801]
V  [jvm.dll+0x7a1203]
V  [jvm.dll+0x40d6bf]
V  [jvm.dll+0x40f091]
C  [jli.dll+0x526b]
C  [ucrtbase.dll+0x21bb2]
C  [KERNEL32.DLL+0x17034]
C  [ntdll.dll+0x52651]


---------------  P R O C E S S  ---------------

Threads class SMR info:
_java_thread_list=0x00007ffadabad550, length=0, elements={
}

Java Threads: ( => current thread )

Other Threads:
  0x000002d9d39bcf80 WorkerThread "GC Thread#0" [stack: 0x000000fcde500000,0x000000fcde600000] [id=13836]
  0x000002d9d39c7170 ConcurrentGCThread "G1 Main Marker" [stack: 0x000000fcde600000,0x000000fcde700000] [id=11332]
  0x000002d9d39c8a80 WorkerThread "G1 Conc#0" [stack: 0x000000fcde700000,0x000000fcde800000] [id=1524]

[error occurred during error reporting (printing all threads), id 0xc0000005, EXCEPTION_ACCESS_VIOLATION (0xc0000005) at pc=0x00007ffada3da217]

VM state: not at safepoint (not fully initialized)

VM Mutex/Monitor currently owned by a thread:  ([mutex/lock_event])
[0x000002d9d3979b60] Heap_lock - owner thread: 0x000002d9d397d600

Heap address: 0x00000000c2000000, size: 992 MB, Compressed Oops mode: 32-bit

CDS archive(s) mapped at: [0x0000000000000000-0x0000000000000000-0x0000000000000000), size 0, SharedBaseAddress: 0x0000000800000000, ArchiveRelocationMode: 0.
Narrow klass base: 0x0000000000000000, Narrow klass shift: 0, Narrow klass range: 0x0

GC Precious Log:
 CardTable entry size: 512
 Card Set container configuration: InlinePtr #cards 5 size 8 Array Of Cards #cards 12 size 40 Howl #buckets 4 coarsen threshold 1843 Howl Bitmap #cards 512 size 80 coarsen threshold 460 Card regions per heap region 1 cards per card region 2048

Heap:
 garbage-first heap   total 0K, used 0K [0x00000000c2000000, 0x0000000100000000)
  region size 1024K, 0 young (0K), 0 survivors (0K)

[error occurred during error reporting (printing heap information), id 0xc0000005, EXCEPTION_ACCESS_VIOLATION (0xc0000005) at pc=0x00007ffada7c0cb9]

GC Heap History (0 events):
No events

Deoptimization events (0 events):
No events

Classes loaded (0 events):
No events

Classes unloaded (0 events):
No events

Classes redefined (0 events):
No events

Internal exceptions (0 events):
No events

VM Operations (0 events):
No events

Events (1 events):
Event: 0.023 Loaded shared library C:\Program Files\Java\jdk-18.0.1\bin\java.dll


Dynamic libraries:
0x00007ff6de4b0000 - 0x00007ff6de4c0000 	C:\Program Files\Java\jdk-18.0.1\bin\javaw.exe
0x00007ffb37a70000 - 0x00007ffb37c65000 	C:\WINDOWS\SYSTEM32\ntdll.dll
0x00007ffb37910000 - 0x00007ffb379ce000 	C:\WINDOWS\System32\KERNEL32.DLL
0x00007ffb35680000 - 0x00007ffb35948000 	C:\WINDOWS\System32\KERNELBASE.dll
0x00007ffb35950000 - 0x00007ffb35a50000 	C:\WINDOWS\System32\ucrtbase.dll
0x00007ffaee270000 - 0x00007ffaee288000 	C:\Program Files\Java\jdk-18.0.1\bin\jli.dll
0x00007ffaee340000 - 0x00007ffaee35a000 	C:\Program Files\Java\jdk-18.0.1\bin\VCRUNTIME140.dll
0x00007ffb362e0000 - 0x00007ffb3638e000 	C:\WINDOWS\System32\ADVAPI32.dll
0x00007ffb368b0000 - 0x00007ffb3694e000 	C:\WINDOWS\System32\msvcrt.dll
0x00007ffb37510000 - 0x00007ffb375ac000 	C:\WINDOWS\System32\sechost.dll
0x00007ffb37250000 - 0x00007ffb37375000 	C:\WINDOWS\System32\RPCRT4.dll
0x00007ffb35f40000 - 0x00007ffb360e0000 	C:\WINDOWS\System32\USER32.dll
0x00007ffb35650000 - 0x00007ffb35672000 	C:\WINDOWS\System32\win32u.dll
0x00007ffb29d70000 - 0x00007ffb2a00a000 	C:\WINDOWS\WinSxS\amd64_microsoft.windows.common-controls_6595b64144ccf1df_6.0.19041.1110_none_60b5254171f9507e\COMCTL32.dll
0x00007ffb36710000 - 0x00007ffb3673a000 	C:\WINDOWS\System32\GDI32.dll
0x00007ffb35220000 - 0x00007ffb3532b000 	C:\WINDOWS\System32\gdi32full.dll
0x00007ffb353a0000 - 0x00007ffb3543d000 	C:\WINDOWS\System32\msvcp_win.dll
0x00007ffb2c4a0000 - 0x00007ffb2c4aa000 	C:\WINDOWS\SYSTEM32\VERSION.dll
0x00007ffb36540000 - 0x00007ffb36570000 	C:\WINDOWS\System32\IMM32.DLL
0x00007ffb19bb0000 - 0x00007ffb19bbc000 	C:\Program Files\Java\jdk-18.0.1\bin\vcruntime140_1.dll
0x00007ffaed760000 - 0x00007ffaed7ed000 	C:\Program Files\Java\jdk-18.0.1\bin\msvcp140.dll
0x00007ffada0d0000 - 0x00007ffadace0000 	C:\Program Files\Java\jdk-18.0.1\bin\server\jvm.dll
0x00007ffb36700000 - 0x00007ffb36708000 	C:\WINDOWS\System32\PSAPI.DLL
0x00007ffb1d5a0000 - 0x00007ffb1d5c7000 	C:\WINDOWS\SYSTEM32\WINMM.dll
0x00007ffb266a0000 - 0x00007ffb266a9000 	C:\WINDOWS\SYSTEM32\WSOCK32.dll
0x00007ffb36840000 - 0x00007ffb368ab000 	C:\WINDOWS\System32\WS2_32.dll
0x00007ffb33290000 - 0x00007ffb332a2000 	C:\WINDOWS\SYSTEM32\kernel.appcore.dll
0x00007ffb1e530000 - 0x00007ffb1e53a000 	C:\Program Files\Java\jdk-18.0.1\bin\jimage.dll
0x00007ffb308a0000 - 0x00007ffb30a84000 	C:\WINDOWS\SYSTEM32\DBGHELP.DLL
0x00007ffb215b0000 - 0x00007ffb215dc000 	C:\WINDOWS\SYSTEM32\dbgcore.DLL
0x00007ffb35190000 - 0x00007ffb35212000 	C:\WINDOWS\System32\bcryptPrimitives.dll
0x00007ffb0f030000 - 0x00007ffb0f055000 	C:\Program Files\Java\jdk-18.0.1\bin\java.dll

dbghelp: loaded successfully - version: 4.0.5 - missing functions: none
symbol engine: initialized successfully - sym options: 0x614 - pdb path: .;C:\Program Files\Java\jdk-18.0.1\bin;C:\WINDOWS\SYSTEM32;C:\WINDOWS\WinSxS\amd64_microsoft.windows.common-controls_6595b64144ccf1df_6.0.19041.1110_none_60b5254171f9507e;C:\Program Files\Java\jdk-18.0.1\bin\server

VM Arguments:
jvm_args: -Dfile.encoding=UTF-8 -XX:+ShowCodeDetailsInExceptionMessages 
java_command: AccountDetails
java_class_path (initial): C:\Users\shantanu\eclipse-workspace\ATM\bin;C:\Users\shantanu\Downloads\jcalendar-tz-1.3.3-4.jar;C:\Users\shantanu\Downloads\mysql-connector-java-8.0.26.jar
Launcher Type: SUN_STANDARD

[Global flags]
     intx CICompilerCount                          = 3                                         {product} {ergonomic}
     uint ConcGCThreads                            = 1                                         {product} {ergonomic}
     uint G1ConcRefinementThreads                  = 4                                         {product} {ergonomic}
   size_t G1HeapRegionSize                         = 1048576                                   {product} {ergonomic}
    uintx GCDrainStackTargetSize                   = 64                                        {product} {ergonomic}
   size_t InitialHeapSize                          = 65011712                                  {product} {ergonomic}
   size_t MarkStackSize                            = 4194304                                   {product} {ergonomic}
   size_t MaxHeapSize                              = 1040187392                                {product} {ergonomic}
   size_t MinHeapDeltaBytes                        = 1048576                                   {product} {ergonomic}
   size_t MinHeapSize                              = 8388608                                   {product} {ergonomic}
    uintx NonNMethodCodeHeapSize                   = 5832780                                {pd product} {ergonomic}
    uintx NonProfiledCodeHeapSize                  = 122912730                              {pd product} {ergonomic}
    uintx ProfiledCodeHeapSize                     = 122912730                              {pd product} {ergonomic}
    uintx ReservedCodeCacheSize                    = 251658240                              {pd product} {ergonomic}
     bool SegmentedCodeCache                       = true                                      {product} {ergonomic}
     bool ShowCodeDetailsInExceptionMessages       = true                                   {manageable} {command line}
   size_t SoftMaxHeapSize                          = 1040187392                             {manageable} {ergonomic}
     bool UseCompressedClassPointers               = true                           {product lp64_product} {ergonomic}
     bool UseCompressedOops                        = true                           {product lp64_product} {ergonomic}
     bool UseG1GC                                  = true                                      {product} {ergonomic}
     bool UseLargePagesIndividualAllocation        = false                                  {pd product} {ergonomic}

Logging:
Log output configuration:
 #0: stdout all=warning uptime,level,tags foldmultilines=false
 #1: stderr all=off uptime,level,tags foldmultilines=false

Environment Variables:
PATH=C:\Program Files\Common Files\Oracle\Java\javapath;C:\WINDOWS\system32;C:\WINDOWS;C:\WINDOWS\System32\Wbem;C:\WINDOWS\System32\WindowsPowerShell\v1.0\;C:\WINDOWS\System32\OpenSSH\;C:\Users\shantanu\AppData\Local\Microsoft\WindowsApps;;E:\VScode\Microsoft VS Code\bin
USERNAME=Saurabh
OS=Windows_NT
PROCESSOR_IDENTIFIER=Intel64 Family 6 Model 78 Stepping 3, GenuineIntel



---------------  S Y S T E M  ---------------

OS:
 Windows 10 , 64 bit Build 19041 (10.0.19041.1645)
OS uptime: 9 days 21:08 hours

CPU: total 4 (initial active 4) (2 cores per cpu, 2 threads per core) family 6 model 78 stepping 3 microcode 0xcc, cx8, cmov, fxsr, ht, mmx, 3dnowpref, sse, sse2, sse3, ssse3, sse4.1, sse4.2, popcnt, lzcnt, tsc, tscinvbit, avx, avx2, aes, erms, clmul, bmi1, bmi2, adx, fma, vzeroupper, clflush, clflushopt

Memory: 4k page, system-wide physical 3962M (262M free)
TotalPageFile size 16250M (AvailPageFile size 57M)
current process WorkingSet (physical memory assigned to process): 10M, peak: 10M
current process commit charge ("private bytes"): 51M, peak: 113M

vm_info: Java HotSpot(TM) 64-Bit Server VM (18.0.1+10-24) for windows-amd64 JRE (18.0.1+10-24), built on Mar  9 2022 22:41:56 by "mach5one" with MS VC++ 16.8 / 16.9 (VS2019)

END.
